<?xml version="1.0" encoding="UTF-8"?>
<testng-results skipped="0" failed="0" ignored="0" total="1" passed="1">
  <reporter-output>
  </reporter-output>
  <suite name="Default suite" duration-ms="10703" started-at="2021-01-11T20:51:20 CST" finished-at="2021-01-11T20:51:31 CST">
    <groups>
    </groups>
    <test name="Default test" duration-ms="10703" started-at="2021-01-11T20:51:20 CST" finished-at="2021-01-11T20:51:31 CST">
      <class name="test.AddCustomerTest">
        <test-method status="PASS" signature="userShouldBeAbleToAddCustomer()[pri:0, instance:test.AddCustomerTest@36ebc363]" name="userShouldBeAbleToAddCustomer" duration-ms="10671" started-at="2021-01-11T20:51:20 CST" finished-at="2021-01-11T20:51:31 CST">
          <reporter-output>
          </reporter-output>
        </test-method> <!-- userShouldBeAbleToAddCustomer -->
      </class> <!-- test.AddCustomerTest -->
    </test> <!-- Default test -->
  </suite> <!-- Default suite -->
</testng-results>
